<?xml version="1.0" encoding="UTF-8"?>
<!-- Generated by org.testng.reporters.JUnitReportReporter -->
<testsuite skipped="0" hostname="DESKTOP-KPIERPJ" name="EduIt.EducacionIt.pruebas.Laboratorio3_E1" tests="1" failures="0" timestamp="2021-12-29T21:27:40 ART" time="2.767" errors="0">
  <testcase name="registroUsuario" time="2.767" classname="EduIt.EducacionIt.pruebas.Laboratorio3_E1"/>
  <system-out/>
</testsuite> <!-- EduIt.EducacionIt.pruebas.Laboratorio3_E1 -->
